{"numFailedTestSuites":0,"numFailedTests":0,"numPassedTestSuites":2,"numPassedTests":2,"numPendingTestSuites":0,"numPendingTests":0,"numRuntimeErrorTestSuites":0,"numTodoTests":0,"numTotalTestSuites":2,"numTotalTests":2,"openHandles":[],"snapshot":{"added":0,"didUpdate":false,"failure":false,"filesAdded":0,"filesRemoved":0,"filesRemovedList":[],"filesUnmatched":0,"filesUpdated":0,"matched":0,"total":0,"unchecked":0,"uncheckedKeysByFile":[],"unmatched":0,"updated":0},"startTime":1773777141037,"success":true,"testResults":[{"assertionResults":[{"ancestorTitles":["Payments E2E"],"duration":3477,"failureDetails":[],"failureMessages":[],"fullName":"Payments E2E creates escrow payment and releases to connect payout","invocations":1,"location":null,"numPassingAsserts":3,"retryReasons":[],"status":"passed","title":"creates escrow payment and releases to connect payout"}],"endTime":1773777151495,"message":"","name":"C:\\Users\\parsh\\OneDrive\\Desktop\\new freelancer\\the-backend\\tests\\payments.e2e.test.js","startTime":1773777141247,"status":"passed","summary":""},{"assertionResults":[{"ancestorTitles":["Auth E2E"],"duration":1620,"failureDetails":[],"failureMessages":[],"fullName":"Auth E2E registers, logs in, and verifies email","invocations":1,"location":null,"numPassingAsserts":5,"retryReasons":[],"status":"passed","title":"registers, logs in, and verifies email"}],"endTime":1773777157151,"message":"","name":"C:\\Users\\parsh\\OneDrive\\Desktop\\new freelancer\\the-backend\\tests\\auth.e2e.test.js","startTime":1773777151514,"status":"passed","summary":""}],"wasInterrupted":false}
